Using pre-set license
Built from '2020.3/staging' branch; Version is '2020.3.0f1 (c7b5465681fb) revision 13088070'; Using compiler version '192528614'; Build Type 'Release'
OS: 'Windows 10 Home Single Language; OS build 18363.1440; Version 1909; 64bit' Language: 'ru' Physical Memory: 12174 MB
BatchMode: 1, IsHumanControllingUs: 0, StartBugReporterOnCrash: 0, Is64bit: 1, IsPro: 0

 COMMAND LINE ARGUMENTS:
C:\Program Files\Unity\Hub\Editor\2020.3.0f1\Editor\Unity.exe
-adb2
-batchMode
-noUpm
-name
AssetImportWorker0
-projectPath
D:/Downloads/PlaneForRTUITLab/Plane for RTUITLab
-logFile
Logs/AssetImportWorker0.log
-srvPort
54255
Successfully changed project path to: D:/Downloads/PlaneForRTUITLab/Plane for RTUITLab
D:/Downloads/PlaneForRTUITLab/Plane for RTUITLab
Using Asset Import Pipeline V2.
Refreshing native plugins compatible for Editor in 41.16 ms, found 0 plugins.
Preloading 0 native plugins for Editor in 0.00 ms.
Initialize engine version: 2020.3.0f1 (c7b5465681fb)
[Subsystems] Discovering subsystems at path C:/Program Files/Unity/Hub/Editor/2020.3.0f1/Editor/Data/Resources/UnitySubsystems
[Subsystems] Discovering subsystems at path D:/Downloads/PlaneForRTUITLab/Plane for RTUITLab/Assets
GfxDevice: creating device client; threaded=0
Direct3D:
    Version:  Direct3D 11.0 [level 11.1]
    Renderer: NVIDIA GeForce MX150 (ID=0x1d10)
    Vendor:   
    VRAM:     1983 MB
    Driver:   27.21.14.6109
Initialize mono
Mono path[0] = 'C:/Program Files/Unity/Hub/Editor/2020.3.0f1/Editor/Data/Managed'
Mono path[1] = 'C:/Program Files/Unity/Hub/Editor/2020.3.0f1/Editor/Data/MonoBleedingEdge/lib/mono/unityjit'
Mono config path = 'C:/Program Files/Unity/Hub/Editor/2020.3.0f1/Editor/Data/MonoBleedingEdge/etc'
Using monoOptions --debugger-agent=transport=dt_socket,embedding=1,server=y,suspend=n,address=127.0.0.1:56604
Begin MonoManager ReloadAssembly
Registering precompiled unity dll's ...
Register platform support module: C:/Program Files/Unity/Hub/Editor/2020.3.0f1/Editor/Data/PlaybackEngines/WindowsStandaloneSupport/UnityEditor.WindowsStandalone.Extensions.dll
Registered in 0.002033 seconds.
Native extension for WindowsStandalone target not found
Refreshing native plugins compatible for Editor in 34.41 ms, found 0 plugins.
Preloading 0 native plugins for Editor in 0.00 ms.
Invoked RoslynAnalysisRunner static constructor.
RoslynAnalysisRunner will not be running.
RoslynAnalysisRunner has terminated.
Mono: successfully reloaded assembly
- Completed reload, in  1.265 seconds
Platform modules already initialized, skipping
Registering precompiled user dll's ...
Registered in 0.000666 seconds.
Begin MonoManager ReloadAssembly
Native extension for WindowsStandalone target not found
Refreshing native plugins compatible for Editor in 0.35 ms, found 0 plugins.
Preloading 0 native plugins for Editor in 0.00 ms.
Invoked RoslynAnalysisRunner static constructor.
RoslynAnalysisRunner will not be running.
RoslynAnalysisRunner has terminated.
Mono: successfully reloaded assembly
- Completed reload, in  1.001 seconds
Platform modules already initialized, skipping
========================================================================
Worker process is ready to serve import requests
Launched and connected shader compiler UnityShaderCompiler.exe after 0.06 seconds
Refreshing native plugins compatible for Editor in 0.63 ms, found 0 plugins.
Preloading 0 native plugins for Editor in 0.00 ms.
Unloading 1278 Unused Serialized files (Serialized files now loaded: 0)
System memory in use before: 93.2 MB.
System memory in use after: 93.2 MB.

Unloading 11 unused Assets to reduce memory usage. Loaded Objects now: 1749.
Total: 3.789100 ms (FindLiveObjects: 0.303700 ms CreateObjectMapping: 0.183600 ms MarkObjects: 3.079200 ms  DeleteObjects: 0.221100 ms)

========================================================================
Received Import Request.
  path: Assets/Scenes/Scripts/Scripts/Engine.cs
  artifactKey: Guid(de249faf6def1f94381e0f04ad5e4cb6) Importer(815301076,1909f56bfc062723c751e8b465ee728b)
Start importing Assets/Scenes/Scripts/Scripts/Engine.cs using Guid(de249faf6def1f94381e0f04ad5e4cb6) Importer(815301076,1909f56bfc062723c751e8b465ee728b)  -> (artifact id: 'a149a81a6f041b342e0b01b335f8245c') in 0.065139 seconds
  Import took 0.068331 seconds .

========================================================================
Received Import Request.
  Time since last request: 0.900912 seconds.
  path: Assets/Scenes/Scripts/Scripts/Shooter.cs
  artifactKey: Guid(da6e557e9163cd7439b2e918193f1c6d) Importer(815301076,1909f56bfc062723c751e8b465ee728b)
Start importing Assets/Scenes/Scripts/Scripts/Shooter.cs using Guid(da6e557e9163cd7439b2e918193f1c6d) Importer(815301076,1909f56bfc062723c751e8b465ee728b)  -> (artifact id: 'f298f00963122d2f2f31269db2e038a4') in 0.008408 seconds
  Import took 0.011503 seconds .

========================================================================
Received Import Request.
  Time since last request: 44.045553 seconds.
  path: Assets/Scenes/Scripts/Wing/SimpleWing.cs
  artifactKey: Guid(e0682376e198e254baa203ad9293f11b) Importer(815301076,1909f56bfc062723c751e8b465ee728b)
Start importing Assets/Scenes/Scripts/Wing/SimpleWing.cs using Guid(e0682376e198e254baa203ad9293f11b) Importer(815301076,1909f56bfc062723c751e8b465ee728b)  -> (artifact id: 'ec47d41ea01788b305d95d40312d2bbe') in 0.007954 seconds
  Import took 0.010585 seconds .

========================================================================
Received Import Request.
  Time since last request: 0.000515 seconds.
  path: Assets/Scenes/Scripts/Wing/SimpleWing.cs
  artifactKey: Guid(e0682376e198e254baa203ad9293f11b) Importer(815301076,1909f56bfc062723c751e8b465ee728b)
Start importing Assets/Scenes/Scripts/Wing/SimpleWing.cs using Guid(e0682376e198e254baa203ad9293f11b) Importer(815301076,1909f56bfc062723c751e8b465ee728b)  -> (artifact id: 'ec47d41ea01788b305d95d40312d2bbe') in 0.002398 seconds
  Import took 0.005532 seconds .

========================================================================
Received Import Request.
  Time since last request: 1.537713 seconds.
  path: Assets/Scenes/Scripts/Wing/WingCurves.cs
  artifactKey: Guid(a04d28b268cf7314089e04c6f0d294a9) Importer(815301076,1909f56bfc062723c751e8b465ee728b)
Start importing Assets/Scenes/Scripts/Wing/WingCurves.cs using Guid(a04d28b268cf7314089e04c6f0d294a9) Importer(815301076,1909f56bfc062723c751e8b465ee728b)  -> (artifact id: 'd7edac1f88e5ee1ac9ea7e9484638873') in 0.009922 seconds
  Import took 0.013428 seconds .

========================================================================
Received Prepare
Registering precompiled user dll's ...
Registered in 0.000947 seconds.
Begin MonoManager ReloadAssembly
Native extension for WindowsStandalone target not found
Refreshing native plugins compatible for Editor in 0.34 ms, found 0 plugins.
Preloading 0 native plugins for Editor in 0.00 ms.
Invoked RoslynAnalysisRunner static constructor.
RoslynAnalysisRunner will not be running.
RoslynAnalysisRunner has terminated.
Mono: successfully reloaded assembly
- Completed reload, in  1.097 seconds
Platform modules already initialized, skipping
Refreshing native plugins compatible for Editor in 0.79 ms, found 0 plugins.
Preloading 0 native plugins for Editor in 0.00 ms.
Unloading 1263 Unused Serialized files (Serialized files now loaded: 0)
System memory in use before: 92.5 MB.
System memory in use after: 92.5 MB.

Unloading 6 unused Assets to reduce memory usage. Loaded Objects now: 1753.
Total: 2.638700 ms (FindLiveObjects: 0.178900 ms CreateObjectMapping: 0.052600 ms MarkObjects: 2.256500 ms  DeleteObjects: 0.149500 ms)

========================================================================
Received Prepare
Registering precompiled user dll's ...
Registered in 0.000754 seconds.
Begin MonoManager ReloadAssembly
Native extension for WindowsStandalone target not found
Refreshing native plugins compatible for Editor in 0.52 ms, found 0 plugins.
Preloading 0 native plugins for Editor in 0.00 ms.
Invoked RoslynAnalysisRunner static constructor.
RoslynAnalysisRunner will not be running.
RoslynAnalysisRunner has terminated.
Mono: successfully reloaded assembly
- Completed reload, in  0.962 seconds
Platform modules already initialized, skipping
Refreshing native plugins compatible for Editor in 0.32 ms, found 0 plugins.
Preloading 0 native plugins for Editor in 0.00 ms.
Unloading 1262 Unused Serialized files (Serialized files now loaded: 0)
System memory in use before: 92.5 MB.
System memory in use after: 92.5 MB.

Unloading 6 unused Assets to reduce memory usage. Loaded Objects now: 1756.
Total: 3.431400 ms (FindLiveObjects: 0.305500 ms CreateObjectMapping: 0.105500 ms MarkObjects: 2.851300 ms  DeleteObjects: 0.166600 ms)

========================================================================
Received Prepare
Registering precompiled user dll's ...
Registered in 0.000657 seconds.
Begin MonoManager ReloadAssembly
Native extension for WindowsStandalone target not found
Refreshing native plugins compatible for Editor in 0.38 ms, found 0 plugins.
Preloading 0 native plugins for Editor in 0.00 ms.
Invoked RoslynAnalysisRunner static constructor.
RoslynAnalysisRunner will not be running.
RoslynAnalysisRunner has terminated.
Mono: successfully reloaded assembly
- Completed reload, in  0.935 seconds
Platform modules already initialized, skipping
Refreshing native plugins compatible for Editor in 0.33 ms, found 0 plugins.
Preloading 0 native plugins for Editor in 0.00 ms.
Unloading 1262 Unused Serialized files (Serialized files now loaded: 0)
System memory in use before: 92.5 MB.
System memory in use after: 92.5 MB.

Unloading 6 unused Assets to reduce memory usage. Loaded Objects now: 1759.
Total: 2.132200 ms (FindLiveObjects: 0.196400 ms CreateObjectMapping: 0.049400 ms MarkObjects: 1.723900 ms  DeleteObjects: 0.160700 ms)

========================================================================
Received Prepare
Registering precompiled user dll's ...
Registered in 0.000680 seconds.
Begin MonoManager ReloadAssembly
Native extension for WindowsStandalone target not found
Refreshing native plugins compatible for Editor in 0.34 ms, found 0 plugins.
Preloading 0 native plugins for Editor in 0.00 ms.
Invoked RoslynAnalysisRunner static constructor.
RoslynAnalysisRunner will not be running.
RoslynAnalysisRunner has terminated.
Mono: successfully reloaded assembly
- Completed reload, in  0.940 seconds
Platform modules already initialized, skipping
Refreshing native plugins compatible for Editor in 0.34 ms, found 0 plugins.
Preloading 0 native plugins for Editor in 0.00 ms.
Unloading 1262 Unused Serialized files (Serialized files now loaded: 0)
System memory in use before: 92.5 MB.
System memory in use after: 92.6 MB.

Unloading 6 unused Assets to reduce memory usage. Loaded Objects now: 1762.
Total: 2.675300 ms (FindLiveObjects: 0.200700 ms CreateObjectMapping: 0.067200 ms MarkObjects: 2.264600 ms  DeleteObjects: 0.141600 ms)

========================================================================
Received Import Request.
  Time since last request: 643.236991 seconds.
  path: Assets/TexturePacks/Asset Store Stuff/Super Spitfire
  artifactKey: Guid(0d96d280a000a094992dafce6665cd94) Importer(815301076,1909f56bfc062723c751e8b465ee728b)
Start importing Assets/TexturePacks/Asset Store Stuff/Super Spitfire using Guid(0d96d280a000a094992dafce6665cd94) Importer(815301076,1909f56bfc062723c751e8b465ee728b)  -> (artifact id: '178f7cc9b1d79d5eb19db9ca17796afd') in 0.042494 seconds
  Import took 0.045560 seconds .

========================================================================
Received Import Request.
  Time since last request: 2.379877 seconds.
  path: Assets/TexturePacks/Asset Store Stuff/Super Spitfire/Textures
  artifactKey: Guid(86c21abedf55bf942a22d5a6cee4f8a0) Importer(815301076,1909f56bfc062723c751e8b465ee728b)
Start importing Assets/TexturePacks/Asset Store Stuff/Super Spitfire/Textures using Guid(86c21abedf55bf942a22d5a6cee4f8a0) Importer(815301076,1909f56bfc062723c751e8b465ee728b)  -> (artifact id: 'cd625db61c2e9da4e4e4eba70080945a') in 0.036423 seconds
  Import took 0.039014 seconds .

========================================================================
Received Prepare
Registering precompiled user dll's ...
Registered in 0.000828 seconds.
Begin MonoManager ReloadAssembly
Native extension for WindowsStandalone target not found
Refreshing native plugins compatible for Editor in 0.34 ms, found 0 plugins.
Preloading 0 native plugins for Editor in 0.00 ms.
Invoked RoslynAnalysisRunner static constructor.
RoslynAnalysisRunner will not be running.
RoslynAnalysisRunner has terminated.
Mono: successfully reloaded assembly
- Completed reload, in  0.904 seconds
Platform modules already initialized, skipping
Refreshing native plugins compatible for Editor in 0.38 ms, found 0 plugins.
Preloading 0 native plugins for Editor in 0.00 ms.
Unloading 1262 Unused Serialized files (Serialized files now loaded: 0)
System memory in use before: 92.5 MB.
System memory in use after: 92.6 MB.

Unloading 6 unused Assets to reduce memory usage. Loaded Objects now: 1765.
Total: 2.335300 ms (FindLiveObjects: 0.261800 ms CreateObjectMapping: 0.094900 ms MarkObjects: 1.861200 ms  DeleteObjects: 0.115500 ms)

========================================================================
Received Import Request.
  Time since last request: 8.809995 seconds.
  path: Assets/TexturePacks/Asset Store Stuff/Super Spitfire/Super_Spitfire
  artifactKey: Guid(c3c1100bd6b4577459edfa07797bb335) Importer(815301076,1909f56bfc062723c751e8b465ee728b)
Start importing Assets/TexturePacks/Asset Store Stuff/Super Spitfire/Super_Spitfire using Guid(c3c1100bd6b4577459edfa07797bb335) Importer(815301076,1909f56bfc062723c751e8b465ee728b)  -> (artifact id: '00b62d74084828189b049486b5bd4ca3') in 0.012847 seconds
  Import took 0.016715 seconds .

========================================================================
Received Import Request.
  Time since last request: 1.835775 seconds.
  path: Assets/TexturePacks/Asset Store Stuff/Super Spitfire/Prefab
  artifactKey: Guid(11b91da8155c28040961911cf6f7ae09) Importer(815301076,1909f56bfc062723c751e8b465ee728b)
Start importing Assets/TexturePacks/Asset Store Stuff/Super Spitfire/Prefab using Guid(11b91da8155c28040961911cf6f7ae09) Importer(815301076,1909f56bfc062723c751e8b465ee728b)  -> (artifact id: '67c5552769797c2cec26f6d06dd56250') in 0.007331 seconds
  Import took 0.009810 seconds .

========================================================================
Received Import Request.
  Time since last request: 1.789892 seconds.
  path: Assets/TexturePacks/Asset Store Stuff/Super Spitfire/Materials
  artifactKey: Guid(95bbd2e366394f54cbf24dd5b92a54ba) Importer(815301076,1909f56bfc062723c751e8b465ee728b)
Start importing Assets/TexturePacks/Asset Store Stuff/Super Spitfire/Materials using Guid(95bbd2e366394f54cbf24dd5b92a54ba) Importer(815301076,1909f56bfc062723c751e8b465ee728b)  -> (artifact id: '77e9a783cf03c6fe8583b07fd13c5b01') in 0.006428 seconds
  Import took 0.008934 seconds .

========================================================================
Received Prepare
Registering precompiled user dll's ...
Registered in 0.001003 seconds.
Begin MonoManager ReloadAssembly
Native extension for WindowsStandalone target not found
Refreshing native plugins compatible for Editor in 0.34 ms, found 0 plugins.
Preloading 0 native plugins for Editor in 0.00 ms.
Invoked RoslynAnalysisRunner static constructor.
RoslynAnalysisRunner will not be running.
RoslynAnalysisRunner has terminated.
Mono: successfully reloaded assembly
- Completed reload, in  0.933 seconds
Platform modules already initialized, skipping
Refreshing native plugins compatible for Editor in 0.33 ms, found 0 plugins.
Preloading 0 native plugins for Editor in 0.00 ms.
Unloading 1262 Unused Serialized files (Serialized files now loaded: 0)
System memory in use before: 92.5 MB.
System memory in use after: 92.6 MB.

Unloading 6 unused Assets to reduce memory usage. Loaded Objects now: 1768.
Total: 2.785600 ms (FindLiveObjects: 0.213000 ms CreateObjectMapping: 0.068000 ms MarkObjects: 2.356300 ms  DeleteObjects: 0.146700 ms)

========================================================================
Received Prepare
Registering precompiled user dll's ...
Registered in 0.000635 seconds.
Begin MonoManager ReloadAssembly
Native extension for WindowsStandalone target not found
Refreshing native plugins compatible for Editor in 0.53 ms, found 0 plugins.
Preloading 0 native plugins for Editor in 0.00 ms.
Invoked RoslynAnalysisRunner static constructor.
RoslynAnalysisRunner will not be running.
RoslynAnalysisRunner has terminated.
Mono: successfully reloaded assembly
- Completed reload, in  0.998 seconds
Platform modules already initialized, skipping
Refreshing native plugins compatible for Editor in 0.42 ms, found 0 plugins.
Preloading 0 native plugins for Editor in 0.00 ms.
Unloading 1262 Unused Serialized files (Serialized files now loaded: 0)
System memory in use before: 92.5 MB.
System memory in use after: 92.6 MB.

Unloading 6 unused Assets to reduce memory usage. Loaded Objects now: 1771.
Total: 3.495700 ms (FindLiveObjects: 0.258700 ms CreateObjectMapping: 0.131800 ms MarkObjects: 2.920600 ms  DeleteObjects: 0.182300 ms)

========================================================================
Received Prepare
Registering precompiled user dll's ...
Registered in 0.000682 seconds.
Begin MonoManager ReloadAssembly
Native extension for WindowsStandalone target not found
Refreshing native plugins compatible for Editor in 0.32 ms, found 0 plugins.
Preloading 0 native plugins for Editor in 0.00 ms.
Invoked RoslynAnalysisRunner static constructor.
RoslynAnalysisRunner will not be running.
RoslynAnalysisRunner has terminated.
Mono: successfully reloaded assembly
- Completed reload, in  0.966 seconds
Platform modules already initialized, skipping
Refreshing native plugins compatible for Editor in 0.32 ms, found 0 plugins.
Preloading 0 native plugins for Editor in 0.00 ms.
Unloading 1262 Unused Serialized files (Serialized files now loaded: 0)
System memory in use before: 92.5 MB.
System memory in use after: 92.6 MB.

Unloading 6 unused Assets to reduce memory usage. Loaded Objects now: 1774.
Total: 2.142300 ms (FindLiveObjects: 0.335800 ms CreateObjectMapping: 0.100900 ms MarkObjects: 1.578200 ms  DeleteObjects: 0.126000 ms)

========================================================================
Received Import Request.
  Time since last request: 253.921213 seconds.
  path: Assets/TexturePacks/Asset Store Stuff/Super Spitfire/Materials/Spitfire_diffuse.mat
  artifactKey: Guid(9bf434210c773ff4bab10f1b1ed6200f) Importer(815301076,1909f56bfc062723c751e8b465ee728b)
Start importing Assets/TexturePacks/Asset Store Stuff/Super Spitfire/Materials/Spitfire_diffuse.mat using Guid(9bf434210c773ff4bab10f1b1ed6200f) Importer(815301076,1909f56bfc062723c751e8b465ee728b)  -> (artifact id: 'b6affc0c69be57684f8fc3b4fabbf720') in 0.382629 seconds
  Import took 0.388519 seconds .

========================================================================
Received Prepare
Refreshing native plugins compatible for Editor in 1.19 ms, found 0 plugins.
Preloading 0 native plugins for Editor in 0.00 ms.
Unloading 3 Unused Serialized files (Serialized files now loaded: 0)
System memory in use before: 70.9 MB.
System memory in use after: 71.0 MB.

Unloading 3 unused Assets to reduce memory usage. Loaded Objects now: 1814.
Total: 3.170300 ms (FindLiveObjects: 0.269100 ms CreateObjectMapping: 0.079400 ms MarkObjects: 2.707800 ms  DeleteObjects: 0.112700 ms)

========================================================================
Received Prepare
Registering precompiled user dll's ...
Registered in 0.000991 seconds.
Begin MonoManager ReloadAssembly
Native extension for WindowsStandalone target not found
Refreshing native plugins compatible for Editor in 0.35 ms, found 0 plugins.
Preloading 0 native plugins for Editor in 0.00 ms.
Invoked RoslynAnalysisRunner static constructor.
RoslynAnalysisRunner will not be running.
RoslynAnalysisRunner has terminated.
Mono: successfully reloaded assembly
- Completed reload, in  0.900 seconds
Platform modules already initialized, skipping
Refreshing native plugins compatible for Editor in 0.52 ms, found 0 plugins.
Preloading 0 native plugins for Editor in 0.00 ms.
Unloading 1262 Unused Serialized files (Serialized files now loaded: 0)
System memory in use before: 95.9 MB.
System memory in use after: 95.9 MB.

Unloading 6 unused Assets to reduce memory usage. Loaded Objects now: 1817.
Total: 3.027800 ms (FindLiveObjects: 0.313300 ms CreateObjectMapping: 0.117400 ms MarkObjects: 2.391300 ms  DeleteObjects: 0.203400 ms)

========================================================================
Received Prepare
Refreshing native plugins compatible for Editor in 1.62 ms, found 0 plugins.
Preloading 0 native plugins for Editor in 0.00 ms.
Unloading 3 Unused Serialized files (Serialized files now loaded: 0)
System memory in use before: 70.8 MB.
System memory in use after: 70.9 MB.

Unloading 3 unused Assets to reduce memory usage. Loaded Objects now: 1817.
Total: 3.389400 ms (FindLiveObjects: 0.269000 ms CreateObjectMapping: 0.082700 ms MarkObjects: 2.859000 ms  DeleteObjects: 0.177000 ms)

